2023-08-22T20:06:20,963 [INFO ] W-9000-mnist_1.0-stdout MODEL_LOG - Listening on addr:port: 127.0.0.1:9000
2023-08-22T20:06:20,969 [INFO ] W-9000-mnist_1.0-stdout MODEL_LOG - Successfully loaded /Users/ziyuanc/anaconda3/lib/python3.10/site-packages/ts/configs/metrics.yaml.
2023-08-22T20:06:20,970 [INFO ] W-9000-mnist_1.0-stdout MODEL_LOG - [PID]88203
2023-08-22T20:06:20,970 [INFO ] W-9000-mnist_1.0-stdout MODEL_LOG - Torch worker started.
2023-08-22T20:06:20,970 [INFO ] W-9000-mnist_1.0-stdout MODEL_LOG - Python runtime: 3.10.9
2023-08-22T20:06:20,979 [INFO ] W-9000-mnist_1.0-stdout MODEL_LOG - Connection accepted: ('127.0.0.1', 9000).
2023-08-22T20:06:20,995 [INFO ] W-9000-mnist_1.0-stdout MODEL_LOG - model_name: mnist, batchSize: 1
2023-08-22T20:06:21,281 [WARN ] W-9000-mnist_1.0-stderr MODEL_LOG - /Users/ziyuanc/anaconda3/lib/python3.10/site-packages/torchvision/io/image.py:13: UserWarning: Failed to load image Python extension: dlopen(/Users/ziyuanc/anaconda3/lib/python3.10/site-packages/torchvision/image.so, 0x0006): Symbol not found: __ZN2at4_ops19empty_memory_format4callEN3c108ArrayRefIxEENS2_8optionalINS2_10ScalarTypeEEENS5_INS2_6LayoutEEENS5_INS2_6DeviceEEENS5_IbEENS5_INS2_12MemoryFormatEEE
2023-08-22T20:06:21,281 [WARN ] W-9000-mnist_1.0-stderr MODEL_LOG -   Referenced from: <DDABACEB-F2EA-368C-80DD-40745DFB96F8> /Users/ziyuanc/anaconda3/lib/python3.10/site-packages/torchvision/image.so
2023-08-22T20:06:21,281 [WARN ] W-9000-mnist_1.0-stderr MODEL_LOG -   Expected in:     <2729F3D6-2C8E-3DA6-9E14-4070A60558E5> /Users/ziyuanc/anaconda3/lib/python3.10/site-packages/torch/lib/libtorch_cpu.dylib
2023-08-22T20:06:21,281 [WARN ] W-9000-mnist_1.0-stderr MODEL_LOG -   warn(f"Failed to load image Python extension: {e}")
2023-08-22T20:07:27,440 [INFO ] W-9000-mnist_1.0-stdout MODEL_LOG - Listening on addr:port: 127.0.0.1:9000
2023-08-22T20:07:27,446 [INFO ] W-9000-mnist_1.0-stdout MODEL_LOG - Successfully loaded /Users/ziyuanc/anaconda3/lib/python3.10/site-packages/ts/configs/metrics.yaml.
2023-08-22T20:07:27,446 [INFO ] W-9000-mnist_1.0-stdout MODEL_LOG - [PID]88402
2023-08-22T20:07:27,446 [INFO ] W-9000-mnist_1.0-stdout MODEL_LOG - Torch worker started.
2023-08-22T20:07:27,446 [INFO ] W-9000-mnist_1.0-stdout MODEL_LOG - Python runtime: 3.10.9
2023-08-22T20:07:27,456 [INFO ] W-9000-mnist_1.0-stdout MODEL_LOG - Connection accepted: ('127.0.0.1', 9000).
2023-08-22T20:07:27,474 [INFO ] W-9000-mnist_1.0-stdout MODEL_LOG - model_name: mnist, batchSize: 1
2023-08-22T20:07:27,549 [WARN ] W-9000-mnist_1.0-stderr MODEL_LOG - /Users/ziyuanc/anaconda3/lib/python3.10/site-packages/torchvision/io/image.py:13: UserWarning: Failed to load image Python extension: dlopen(/Users/ziyuanc/anaconda3/lib/python3.10/site-packages/torchvision/image.so, 0x0006): Symbol not found: __ZN2at4_ops19empty_memory_format4callEN3c108ArrayRefIxEENS2_8optionalINS2_10ScalarTypeEEENS5_INS2_6LayoutEEENS5_INS2_6DeviceEEENS5_IbEENS5_INS2_12MemoryFormatEEE
2023-08-22T20:07:27,550 [WARN ] W-9000-mnist_1.0-stderr MODEL_LOG -   Referenced from: <DDABACEB-F2EA-368C-80DD-40745DFB96F8> /Users/ziyuanc/anaconda3/lib/python3.10/site-packages/torchvision/image.so
2023-08-22T20:07:27,550 [WARN ] W-9000-mnist_1.0-stderr MODEL_LOG -   Expected in:     <2729F3D6-2C8E-3DA6-9E14-4070A60558E5> /Users/ziyuanc/anaconda3/lib/python3.10/site-packages/torch/lib/libtorch_cpu.dylib
2023-08-22T20:07:27,550 [WARN ] W-9000-mnist_1.0-stderr MODEL_LOG -   warn(f"Failed to load image Python extension: {e}")
2023-08-22T20:07:27,711 [INFO ] W-9000-mnist_1.0-stdout MODEL_LOG - Backend worker process died.
2023-08-22T20:07:27,712 [INFO ] W-9000-mnist_1.0-stdout MODEL_LOG - Traceback (most recent call last):
2023-08-22T20:07:27,712 [INFO ] W-9000-mnist_1.0-stdout MODEL_LOG -   File "/Users/ziyuanc/anaconda3/lib/python3.10/site-packages/ts/model_loader.py", line 100, in load
2023-08-22T20:07:27,712 [INFO ] W-9000-mnist_1.0-stdout MODEL_LOG -     module, function_name = self._load_handler_file(handler)
2023-08-22T20:07:27,712 [INFO ] W-9000-mnist_1.0-stdout MODEL_LOG -   File "/Users/ziyuanc/anaconda3/lib/python3.10/site-packages/ts/model_loader.py", line 145, in _load_handler_file
2023-08-22T20:07:27,712 [INFO ] W-9000-mnist_1.0-stdout MODEL_LOG -     module = importlib.import_module(module_name)
2023-08-22T20:07:27,712 [INFO ] W-9000-mnist_1.0-stdout MODEL_LOG -   File "/Users/ziyuanc/anaconda3/lib/python3.10/importlib/__init__.py", line 126, in import_module
2023-08-22T20:07:27,712 [INFO ] W-9000-mnist_1.0-stdout MODEL_LOG -     return _bootstrap._gcd_import(name[level:], package, level)
2023-08-22T20:07:27,712 [INFO ] W-9000-mnist_1.0-stdout MODEL_LOG -   File "<frozen importlib._bootstrap>", line 1050, in _gcd_import
2023-08-22T20:07:27,712 [INFO ] W-9000-mnist_1.0-stdout MODEL_LOG -   File "<frozen importlib._bootstrap>", line 1027, in _find_and_load
2023-08-22T20:07:27,712 [INFO ] W-9000-mnist_1.0-stdout MODEL_LOG -   File "<frozen importlib._bootstrap>", line 1006, in _find_and_load_unlocked
2023-08-22T20:07:27,713 [INFO ] W-9000-mnist_1.0-stdout MODEL_LOG -   File "<frozen importlib._bootstrap>", line 688, in _load_unlocked
2023-08-22T20:07:27,713 [INFO ] W-9000-mnist_1.0-stdout MODEL_LOG -   File "<frozen importlib._bootstrap_external>", line 883, in exec_module
2023-08-22T20:07:27,713 [INFO ] W-9000-mnist_1.0-stdout MODEL_LOG -   File "<frozen importlib._bootstrap>", line 241, in _call_with_frames_removed
2023-08-22T20:07:27,713 [INFO ] W-9000-mnist_1.0-stdout MODEL_LOG -   File "/private/var/folders/nx/br5n_d5d0tj7m9sx0y0q30b80000gn/T/models/fc6a4e46721249c28c6cc0a261f27b1d/mnist_handler.py", line 2, in <module>
2023-08-22T20:07:27,713 [INFO ] W-9000-mnist_1.0-stdout MODEL_LOG -     from ts.torch_handler.image_classifier import ImageClassifier
2023-08-22T20:07:27,713 [INFO ] W-9000-mnist_1.0-stdout MODEL_LOG -   File "/Users/ziyuanc/anaconda3/lib/python3.10/site-packages/ts/torch_handler/image_classifier.py", line 8, in <module>
2023-08-22T20:07:27,713 [INFO ] W-9000-mnist_1.0-stdout MODEL_LOG -     from .vision_handler import VisionHandler
2023-08-22T20:07:27,713 [INFO ] W-9000-mnist_1.0-stdout MODEL_LOG -   File "/Users/ziyuanc/anaconda3/lib/python3.10/site-packages/ts/torch_handler/vision_handler.py", line 11, in <module>
2023-08-22T20:07:27,713 [INFO ] W-9000-mnist_1.0-stdout MODEL_LOG -     from captum.attr import IntegratedGradients
2023-08-22T20:07:27,713 [INFO ] W-9000-mnist_1.0-stdout MODEL_LOG - ModuleNotFoundError: No module named 'captum'
2023-08-22T20:07:27,713 [INFO ] W-9000-mnist_1.0-stdout MODEL_LOG - 
2023-08-22T20:07:27,713 [INFO ] W-9000-mnist_1.0-stdout MODEL_LOG - During handling of the above exception, another exception occurred:
2023-08-22T20:07:27,713 [INFO ] W-9000-mnist_1.0-stdout MODEL_LOG - 
2023-08-22T20:07:27,714 [INFO ] W-9000-mnist_1.0-stdout MODEL_LOG - Traceback (most recent call last):
2023-08-22T20:07:27,714 [INFO ] W-9000-mnist_1.0-stdout MODEL_LOG -   File "/Users/ziyuanc/anaconda3/lib/python3.10/site-packages/ts/model_service_worker.py", line 253, in <module>
2023-08-22T20:07:27,714 [INFO ] W-9000-mnist_1.0-stdout MODEL_LOG -     worker.run_server()
2023-08-22T20:07:27,714 [INFO ] W-9000-mnist_1.0-stdout MODEL_LOG -   File "/Users/ziyuanc/anaconda3/lib/python3.10/site-packages/ts/model_service_worker.py", line 221, in run_server
2023-08-22T20:07:27,714 [INFO ] W-9000-mnist_1.0-stdout MODEL_LOG -     self.handle_connection(cl_socket)
2023-08-22T20:07:27,714 [INFO ] W-9000-mnist_1.0-stdout MODEL_LOG -   File "/Users/ziyuanc/anaconda3/lib/python3.10/site-packages/ts/model_service_worker.py", line 184, in handle_connection
2023-08-22T20:07:27,714 [INFO ] W-9000-mnist_1.0-stdout MODEL_LOG -     service, result, code = self.load_model(msg)
2023-08-22T20:07:27,714 [INFO ] W-9000-mnist_1.0-stdout MODEL_LOG -   File "/Users/ziyuanc/anaconda3/lib/python3.10/site-packages/ts/model_service_worker.py", line 131, in load_model
2023-08-22T20:07:27,715 [INFO ] W-9000-mnist_1.0-stdout MODEL_LOG -     service = model_loader.load(
2023-08-22T20:07:27,715 [INFO ] W-9000-mnist_1.0-stdout MODEL_LOG -   File "/Users/ziyuanc/anaconda3/lib/python3.10/site-packages/ts/model_loader.py", line 102, in load
2023-08-22T20:07:27,715 [INFO ] W-9000-mnist_1.0-stdout MODEL_LOG -     module = self._load_default_handler(handler)
2023-08-22T20:07:27,715 [INFO ] W-9000-mnist_1.0-stdout MODEL_LOG -   File "/Users/ziyuanc/anaconda3/lib/python3.10/site-packages/ts/model_loader.py", line 151, in _load_default_handler
2023-08-22T20:07:27,715 [INFO ] W-9000-mnist_1.0-stdout MODEL_LOG -     module = importlib.import_module(module_name, "ts.torch_handler")
2023-08-22T20:07:27,715 [INFO ] W-9000-mnist_1.0-stdout MODEL_LOG -   File "/Users/ziyuanc/anaconda3/lib/python3.10/importlib/__init__.py", line 126, in import_module
2023-08-22T20:07:27,715 [INFO ] W-9000-mnist_1.0-stdout MODEL_LOG -     return _bootstrap._gcd_import(name[level:], package, level)
2023-08-22T20:07:27,715 [INFO ] W-9000-mnist_1.0-stdout MODEL_LOG -   File "<frozen importlib._bootstrap>", line 1050, in _gcd_import
2023-08-22T20:07:27,715 [INFO ] W-9000-mnist_1.0-stdout MODEL_LOG -   File "<frozen importlib._bootstrap>", line 1027, in _find_and_load
2023-08-22T20:07:27,715 [INFO ] W-9000-mnist_1.0-stdout MODEL_LOG -   File "<frozen importlib._bootstrap>", line 992, in _find_and_load_unlocked
2023-08-22T20:07:27,715 [INFO ] W-9000-mnist_1.0-stdout MODEL_LOG -   File "<frozen importlib._bootstrap>", line 241, in _call_with_frames_removed
2023-08-22T20:07:27,715 [INFO ] W-9000-mnist_1.0-stdout MODEL_LOG -   File "<frozen importlib._bootstrap>", line 1050, in _gcd_import
2023-08-22T20:07:27,715 [INFO ] W-9000-mnist_1.0-stdout MODEL_LOG -   File "<frozen importlib._bootstrap>", line 1027, in _find_and_load
2023-08-22T20:07:27,715 [INFO ] W-9000-mnist_1.0-stdout MODEL_LOG -   File "<frozen importlib._bootstrap>", line 1004, in _find_and_load_unlocked
2023-08-22T20:07:27,715 [INFO ] W-9000-mnist_1.0-stdout MODEL_LOG - ModuleNotFoundError: No module named 'ts.torch_handler.mnist_handler'
2023-08-22T20:08:13,155 [INFO ] W-9000-mnist_1.0-stdout MODEL_LOG - Listening on addr:port: 127.0.0.1:9000
2023-08-22T20:08:13,161 [INFO ] W-9000-mnist_1.0-stdout MODEL_LOG - Successfully loaded /Users/ziyuanc/anaconda3/lib/python3.10/site-packages/ts/configs/metrics.yaml.
2023-08-22T20:08:13,161 [INFO ] W-9000-mnist_1.0-stdout MODEL_LOG - [PID]88548
2023-08-22T20:08:13,162 [INFO ] W-9000-mnist_1.0-stdout MODEL_LOG - Torch worker started.
2023-08-22T20:08:13,162 [INFO ] W-9000-mnist_1.0-stdout MODEL_LOG - Python runtime: 3.10.9
2023-08-22T20:08:13,170 [INFO ] W-9000-mnist_1.0-stdout MODEL_LOG - Connection accepted: ('127.0.0.1', 9000).
2023-08-22T20:08:13,183 [INFO ] W-9000-mnist_1.0-stdout MODEL_LOG - model_name: mnist, batchSize: 1
2023-08-22T20:08:13,255 [WARN ] W-9000-mnist_1.0-stderr MODEL_LOG - /Users/ziyuanc/anaconda3/lib/python3.10/site-packages/torchvision/io/image.py:13: UserWarning: Failed to load image Python extension: dlopen(/Users/ziyuanc/anaconda3/lib/python3.10/site-packages/torchvision/image.so, 0x0006): Symbol not found: __ZN2at4_ops19empty_memory_format4callEN3c108ArrayRefIxEENS2_8optionalINS2_10ScalarTypeEEENS5_INS2_6LayoutEEENS5_INS2_6DeviceEEENS5_IbEENS5_INS2_12MemoryFormatEEE
2023-08-22T20:08:13,256 [WARN ] W-9000-mnist_1.0-stderr MODEL_LOG -   Referenced from: <DDABACEB-F2EA-368C-80DD-40745DFB96F8> /Users/ziyuanc/anaconda3/lib/python3.10/site-packages/torchvision/image.so
2023-08-22T20:08:13,256 [WARN ] W-9000-mnist_1.0-stderr MODEL_LOG -   Expected in:     <2729F3D6-2C8E-3DA6-9E14-4070A60558E5> /Users/ziyuanc/anaconda3/lib/python3.10/site-packages/torch/lib/libtorch_cpu.dylib
2023-08-22T20:08:13,256 [WARN ] W-9000-mnist_1.0-stderr MODEL_LOG -   warn(f"Failed to load image Python extension: {e}")
2023-08-22T20:08:13,390 [INFO ] W-9000-mnist_1.0-stdout MODEL_LOG - Backend worker process died.
2023-08-22T20:08:13,390 [INFO ] W-9000-mnist_1.0-stdout MODEL_LOG - Traceback (most recent call last):
2023-08-22T20:08:13,390 [INFO ] W-9000-mnist_1.0-stdout MODEL_LOG -   File "/Users/ziyuanc/anaconda3/lib/python3.10/site-packages/ts/model_loader.py", line 100, in load
2023-08-22T20:08:13,390 [INFO ] W-9000-mnist_1.0-stdout MODEL_LOG -     module, function_name = self._load_handler_file(handler)
2023-08-22T20:08:13,390 [INFO ] W-9000-mnist_1.0-stdout MODEL_LOG -   File "/Users/ziyuanc/anaconda3/lib/python3.10/site-packages/ts/model_loader.py", line 145, in _load_handler_file
2023-08-22T20:08:13,390 [INFO ] W-9000-mnist_1.0-stdout MODEL_LOG -     module = importlib.import_module(module_name)
2023-08-22T20:08:13,390 [INFO ] W-9000-mnist_1.0-stdout MODEL_LOG -   File "/Users/ziyuanc/anaconda3/lib/python3.10/importlib/__init__.py", line 126, in import_module
2023-08-22T20:08:13,390 [INFO ] W-9000-mnist_1.0-stdout MODEL_LOG -     return _bootstrap._gcd_import(name[level:], package, level)
2023-08-22T20:08:13,390 [INFO ] W-9000-mnist_1.0-stdout MODEL_LOG -   File "<frozen importlib._bootstrap>", line 1050, in _gcd_import
2023-08-22T20:08:13,390 [INFO ] W-9000-mnist_1.0-stdout MODEL_LOG -   File "<frozen importlib._bootstrap>", line 1027, in _find_and_load
2023-08-22T20:08:13,390 [INFO ] W-9000-mnist_1.0-stdout MODEL_LOG -   File "<frozen importlib._bootstrap>", line 1006, in _find_and_load_unlocked
2023-08-22T20:08:13,391 [INFO ] W-9000-mnist_1.0-stdout MODEL_LOG -   File "<frozen importlib._bootstrap>", line 688, in _load_unlocked
2023-08-22T20:08:13,391 [INFO ] W-9000-mnist_1.0-stdout MODEL_LOG -   File "<frozen importlib._bootstrap_external>", line 883, in exec_module
2023-08-22T20:08:13,391 [INFO ] W-9000-mnist_1.0-stdout MODEL_LOG -   File "<frozen importlib._bootstrap>", line 241, in _call_with_frames_removed
2023-08-22T20:08:13,391 [INFO ] W-9000-mnist_1.0-stdout MODEL_LOG -   File "/private/var/folders/nx/br5n_d5d0tj7m9sx0y0q30b80000gn/T/models/a8179b53334b4812921038b32201fd11/mnist_handler.py", line 2, in <module>
2023-08-22T20:08:13,391 [INFO ] W-9000-mnist_1.0-stdout MODEL_LOG -     from ts.torch_handler.image_classifier import ImageClassifier
2023-08-22T20:08:13,391 [INFO ] W-9000-mnist_1.0-stdout MODEL_LOG -   File "/Users/ziyuanc/anaconda3/lib/python3.10/site-packages/ts/torch_handler/image_classifier.py", line 8, in <module>
2023-08-22T20:08:13,391 [INFO ] W-9000-mnist_1.0-stdout MODEL_LOG -     from .vision_handler import VisionHandler
2023-08-22T20:08:13,391 [INFO ] W-9000-mnist_1.0-stdout MODEL_LOG -   File "/Users/ziyuanc/anaconda3/lib/python3.10/site-packages/ts/torch_handler/vision_handler.py", line 11, in <module>
2023-08-22T20:08:13,391 [INFO ] W-9000-mnist_1.0-stdout MODEL_LOG -     from captum.attr import IntegratedGradients
2023-08-22T20:08:13,391 [INFO ] W-9000-mnist_1.0-stdout MODEL_LOG - ModuleNotFoundError: No module named 'captum'
2023-08-22T20:08:13,391 [INFO ] W-9000-mnist_1.0-stdout MODEL_LOG - 
2023-08-22T20:08:13,391 [INFO ] W-9000-mnist_1.0-stdout MODEL_LOG - During handling of the above exception, another exception occurred:
2023-08-22T20:08:13,391 [INFO ] W-9000-mnist_1.0-stdout MODEL_LOG - 
2023-08-22T20:08:13,391 [INFO ] W-9000-mnist_1.0-stdout MODEL_LOG - Traceback (most recent call last):
2023-08-22T20:08:13,391 [INFO ] W-9000-mnist_1.0-stdout MODEL_LOG -   File "/Users/ziyuanc/anaconda3/lib/python3.10/site-packages/ts/model_service_worker.py", line 253, in <module>
2023-08-22T20:08:13,392 [INFO ] W-9000-mnist_1.0-stdout MODEL_LOG -     worker.run_server()
2023-08-22T20:08:13,392 [INFO ] W-9000-mnist_1.0-stdout MODEL_LOG -   File "/Users/ziyuanc/anaconda3/lib/python3.10/site-packages/ts/model_service_worker.py", line 221, in run_server
2023-08-22T20:08:13,392 [INFO ] W-9000-mnist_1.0-stdout MODEL_LOG -     self.handle_connection(cl_socket)
2023-08-22T20:08:13,392 [INFO ] W-9000-mnist_1.0-stdout MODEL_LOG -   File "/Users/ziyuanc/anaconda3/lib/python3.10/site-packages/ts/model_service_worker.py", line 184, in handle_connection
2023-08-22T20:08:13,392 [INFO ] W-9000-mnist_1.0-stdout MODEL_LOG -     service, result, code = self.load_model(msg)
2023-08-22T20:08:13,392 [INFO ] W-9000-mnist_1.0-stdout MODEL_LOG -   File "/Users/ziyuanc/anaconda3/lib/python3.10/site-packages/ts/model_service_worker.py", line 131, in load_model
2023-08-22T20:08:13,392 [INFO ] W-9000-mnist_1.0-stdout MODEL_LOG -     service = model_loader.load(
2023-08-22T20:08:13,392 [INFO ] W-9000-mnist_1.0-stdout MODEL_LOG -   File "/Users/ziyuanc/anaconda3/lib/python3.10/site-packages/ts/model_loader.py", line 102, in load
2023-08-22T20:08:13,392 [INFO ] W-9000-mnist_1.0-stdout MODEL_LOG -     module = self._load_default_handler(handler)
2023-08-22T20:08:13,392 [INFO ] W-9000-mnist_1.0-stdout MODEL_LOG -   File "/Users/ziyuanc/anaconda3/lib/python3.10/site-packages/ts/model_loader.py", line 151, in _load_default_handler
2023-08-22T20:08:13,392 [INFO ] W-9000-mnist_1.0-stdout MODEL_LOG -     module = importlib.import_module(module_name, "ts.torch_handler")
2023-08-22T20:08:13,393 [INFO ] W-9000-mnist_1.0-stdout MODEL_LOG -   File "/Users/ziyuanc/anaconda3/lib/python3.10/importlib/__init__.py", line 126, in import_module
2023-08-22T20:08:13,393 [INFO ] W-9000-mnist_1.0-stdout MODEL_LOG -     return _bootstrap._gcd_import(name[level:], package, level)
2023-08-22T20:08:13,393 [INFO ] W-9000-mnist_1.0-stdout MODEL_LOG -   File "<frozen importlib._bootstrap>", line 1050, in _gcd_import
2023-08-22T20:08:13,393 [INFO ] W-9000-mnist_1.0-stdout MODEL_LOG -   File "<frozen importlib._bootstrap>", line 1027, in _find_and_load
2023-08-22T20:08:13,393 [INFO ] W-9000-mnist_1.0-stdout MODEL_LOG -   File "<frozen importlib._bootstrap>", line 992, in _find_and_load_unlocked
2023-08-22T20:08:13,393 [INFO ] W-9000-mnist_1.0-stdout MODEL_LOG -   File "<frozen importlib._bootstrap>", line 241, in _call_with_frames_removed
2023-08-22T20:08:13,393 [INFO ] W-9000-mnist_1.0-stdout MODEL_LOG -   File "<frozen importlib._bootstrap>", line 1050, in _gcd_import
2023-08-22T20:08:13,393 [INFO ] W-9000-mnist_1.0-stdout MODEL_LOG -   File "<frozen importlib._bootstrap>", line 1027, in _find_and_load
2023-08-22T20:08:13,393 [INFO ] W-9000-mnist_1.0-stdout MODEL_LOG -   File "<frozen importlib._bootstrap>", line 1004, in _find_and_load_unlocked
2023-08-22T20:08:13,393 [INFO ] W-9000-mnist_1.0-stdout MODEL_LOG - ModuleNotFoundError: No module named 'ts.torch_handler.mnist_handler'
2023-08-22T20:09:36,627 [INFO ] W-9000-mnist_1.0-stdout MODEL_LOG - Listening on addr:port: 127.0.0.1:9000
2023-08-22T20:09:36,633 [INFO ] W-9000-mnist_1.0-stdout MODEL_LOG - Successfully loaded /Users/ziyuanc/anaconda3/lib/python3.10/site-packages/ts/configs/metrics.yaml.
2023-08-22T20:09:36,634 [INFO ] W-9000-mnist_1.0-stdout MODEL_LOG - [PID]88844
2023-08-22T20:09:36,634 [INFO ] W-9000-mnist_1.0-stdout MODEL_LOG - Torch worker started.
2023-08-22T20:09:36,634 [INFO ] W-9000-mnist_1.0-stdout MODEL_LOG - Python runtime: 3.10.9
2023-08-22T20:09:36,642 [INFO ] W-9000-mnist_1.0-stdout MODEL_LOG - Connection accepted: ('127.0.0.1', 9000).
2023-08-22T20:09:36,664 [INFO ] W-9000-mnist_1.0-stdout MODEL_LOG - model_name: mnist, batchSize: 1
2023-08-22T20:09:36,727 [WARN ] W-9000-mnist_1.0-stderr MODEL_LOG - /Users/ziyuanc/anaconda3/lib/python3.10/site-packages/torchvision/io/image.py:13: UserWarning: Failed to load image Python extension: dlopen(/Users/ziyuanc/anaconda3/lib/python3.10/site-packages/torchvision/image.so, 0x0006): Symbol not found: __ZN2at4_ops19empty_memory_format4callEN3c108ArrayRefIxEENS2_8optionalINS2_10ScalarTypeEEENS5_INS2_6LayoutEEENS5_INS2_6DeviceEEENS5_IbEENS5_INS2_12MemoryFormatEEE
2023-08-22T20:09:36,728 [WARN ] W-9000-mnist_1.0-stderr MODEL_LOG -   Referenced from: <DDABACEB-F2EA-368C-80DD-40745DFB96F8> /Users/ziyuanc/anaconda3/lib/python3.10/site-packages/torchvision/image.so
2023-08-22T20:09:36,728 [WARN ] W-9000-mnist_1.0-stderr MODEL_LOG -   Expected in:     <2729F3D6-2C8E-3DA6-9E14-4070A60558E5> /Users/ziyuanc/anaconda3/lib/python3.10/site-packages/torch/lib/libtorch_cpu.dylib
2023-08-22T20:09:36,728 [WARN ] W-9000-mnist_1.0-stderr MODEL_LOG -   warn(f"Failed to load image Python extension: {e}")
2023-08-22T20:09:36,872 [INFO ] W-9000-mnist_1.0-stdout MODEL_LOG - Backend worker process died.
2023-08-22T20:09:36,872 [INFO ] W-9000-mnist_1.0-stdout MODEL_LOG - Traceback (most recent call last):
2023-08-22T20:09:36,872 [INFO ] W-9000-mnist_1.0-stdout MODEL_LOG -   File "/Users/ziyuanc/anaconda3/lib/python3.10/site-packages/ts/model_loader.py", line 100, in load
2023-08-22T20:09:36,872 [INFO ] W-9000-mnist_1.0-stdout MODEL_LOG -     module, function_name = self._load_handler_file(handler)
2023-08-22T20:09:36,872 [INFO ] W-9000-mnist_1.0-stdout MODEL_LOG -   File "/Users/ziyuanc/anaconda3/lib/python3.10/site-packages/ts/model_loader.py", line 145, in _load_handler_file
2023-08-22T20:09:36,872 [INFO ] W-9000-mnist_1.0-stdout MODEL_LOG -     module = importlib.import_module(module_name)
2023-08-22T20:09:36,872 [INFO ] W-9000-mnist_1.0-stdout MODEL_LOG -   File "/Users/ziyuanc/anaconda3/lib/python3.10/importlib/__init__.py", line 126, in import_module
2023-08-22T20:09:36,872 [INFO ] W-9000-mnist_1.0-stdout MODEL_LOG -     return _bootstrap._gcd_import(name[level:], package, level)
2023-08-22T20:09:36,872 [INFO ] W-9000-mnist_1.0-stdout MODEL_LOG -   File "<frozen importlib._bootstrap>", line 1050, in _gcd_import
2023-08-22T20:09:36,872 [INFO ] W-9000-mnist_1.0-stdout MODEL_LOG -   File "<frozen importlib._bootstrap>", line 1027, in _find_and_load
2023-08-22T20:09:36,872 [INFO ] W-9000-mnist_1.0-stdout MODEL_LOG -   File "<frozen importlib._bootstrap>", line 1006, in _find_and_load_unlocked
2023-08-22T20:09:36,873 [INFO ] W-9000-mnist_1.0-stdout MODEL_LOG -   File "<frozen importlib._bootstrap>", line 688, in _load_unlocked
2023-08-22T20:09:36,873 [INFO ] W-9000-mnist_1.0-stdout MODEL_LOG -   File "<frozen importlib._bootstrap_external>", line 883, in exec_module
2023-08-22T20:09:36,873 [INFO ] W-9000-mnist_1.0-stdout MODEL_LOG -   File "<frozen importlib._bootstrap>", line 241, in _call_with_frames_removed
2023-08-22T20:09:36,873 [INFO ] W-9000-mnist_1.0-stdout MODEL_LOG -   File "/private/var/folders/nx/br5n_d5d0tj7m9sx0y0q30b80000gn/T/models/c3bf8d3dd9684f518e7c3b786f1e78f2/mnist_handler.py", line 2, in <module>
2023-08-22T20:09:36,873 [INFO ] W-9000-mnist_1.0-stdout MODEL_LOG -     from ts.torch_handler.image_classifier import ImageClassifier
2023-08-22T20:09:36,873 [INFO ] W-9000-mnist_1.0-stdout MODEL_LOG -   File "/Users/ziyuanc/anaconda3/lib/python3.10/site-packages/ts/torch_handler/image_classifier.py", line 8, in <module>
2023-08-22T20:09:36,873 [INFO ] W-9000-mnist_1.0-stdout MODEL_LOG -     from .vision_handler import VisionHandler
2023-08-22T20:09:36,873 [INFO ] W-9000-mnist_1.0-stdout MODEL_LOG -   File "/Users/ziyuanc/anaconda3/lib/python3.10/site-packages/ts/torch_handler/vision_handler.py", line 11, in <module>
2023-08-22T20:09:36,873 [INFO ] W-9000-mnist_1.0-stdout MODEL_LOG -     from captum.attr import IntegratedGradients
2023-08-22T20:09:36,873 [INFO ] W-9000-mnist_1.0-stdout MODEL_LOG - ModuleNotFoundError: No module named 'captum'
2023-08-22T20:09:36,873 [INFO ] W-9000-mnist_1.0-stdout MODEL_LOG - 
2023-08-22T20:09:36,873 [INFO ] W-9000-mnist_1.0-stdout MODEL_LOG - During handling of the above exception, another exception occurred:
2023-08-22T20:09:36,873 [INFO ] W-9000-mnist_1.0-stdout MODEL_LOG - 
2023-08-22T20:09:36,873 [INFO ] W-9000-mnist_1.0-stdout MODEL_LOG - Traceback (most recent call last):
2023-08-22T20:09:36,874 [INFO ] W-9000-mnist_1.0-stdout MODEL_LOG -   File "/Users/ziyuanc/anaconda3/lib/python3.10/site-packages/ts/model_service_worker.py", line 253, in <module>
2023-08-22T20:09:36,874 [INFO ] W-9000-mnist_1.0-stdout MODEL_LOG -     worker.run_server()
2023-08-22T20:09:36,874 [INFO ] W-9000-mnist_1.0-stdout MODEL_LOG -   File "/Users/ziyuanc/anaconda3/lib/python3.10/site-packages/ts/model_service_worker.py", line 221, in run_server
2023-08-22T20:09:36,874 [INFO ] W-9000-mnist_1.0-stdout MODEL_LOG -     self.handle_connection(cl_socket)
2023-08-22T20:09:36,874 [INFO ] W-9000-mnist_1.0-stdout MODEL_LOG -   File "/Users/ziyuanc/anaconda3/lib/python3.10/site-packages/ts/model_service_worker.py", line 184, in handle_connection
2023-08-22T20:09:36,874 [INFO ] W-9000-mnist_1.0-stdout MODEL_LOG -     service, result, code = self.load_model(msg)
2023-08-22T20:09:36,874 [INFO ] W-9000-mnist_1.0-stdout MODEL_LOG -   File "/Users/ziyuanc/anaconda3/lib/python3.10/site-packages/ts/model_service_worker.py", line 131, in load_model
2023-08-22T20:09:36,874 [INFO ] W-9000-mnist_1.0-stdout MODEL_LOG -     service = model_loader.load(
2023-08-22T20:09:36,874 [INFO ] W-9000-mnist_1.0-stdout MODEL_LOG -   File "/Users/ziyuanc/anaconda3/lib/python3.10/site-packages/ts/model_loader.py", line 102, in load
2023-08-22T20:09:36,874 [INFO ] W-9000-mnist_1.0-stdout MODEL_LOG -     module = self._load_default_handler(handler)
2023-08-22T20:09:36,874 [INFO ] W-9000-mnist_1.0-stdout MODEL_LOG -   File "/Users/ziyuanc/anaconda3/lib/python3.10/site-packages/ts/model_loader.py", line 151, in _load_default_handler
2023-08-22T20:09:36,874 [INFO ] W-9000-mnist_1.0-stdout MODEL_LOG -     module = importlib.import_module(module_name, "ts.torch_handler")
2023-08-22T20:09:36,875 [INFO ] W-9000-mnist_1.0-stdout MODEL_LOG -   File "/Users/ziyuanc/anaconda3/lib/python3.10/importlib/__init__.py", line 126, in import_module
2023-08-22T20:09:36,875 [INFO ] W-9000-mnist_1.0-stdout MODEL_LOG -     return _bootstrap._gcd_import(name[level:], package, level)
2023-08-22T20:09:36,875 [INFO ] W-9000-mnist_1.0-stdout MODEL_LOG -   File "<frozen importlib._bootstrap>", line 1050, in _gcd_import
2023-08-22T20:09:36,875 [INFO ] W-9000-mnist_1.0-stdout MODEL_LOG -   File "<frozen importlib._bootstrap>", line 1027, in _find_and_load
2023-08-22T20:09:36,875 [INFO ] W-9000-mnist_1.0-stdout MODEL_LOG -   File "<frozen importlib._bootstrap>", line 992, in _find_and_load_unlocked
2023-08-22T20:09:36,875 [INFO ] W-9000-mnist_1.0-stdout MODEL_LOG -   File "<frozen importlib._bootstrap>", line 241, in _call_with_frames_removed
2023-08-22T20:09:36,875 [INFO ] W-9000-mnist_1.0-stdout MODEL_LOG -   File "<frozen importlib._bootstrap>", line 1050, in _gcd_import
2023-08-22T20:09:36,875 [INFO ] W-9000-mnist_1.0-stdout MODEL_LOG -   File "<frozen importlib._bootstrap>", line 1027, in _find_and_load
2023-08-22T20:09:36,875 [INFO ] W-9000-mnist_1.0-stdout MODEL_LOG -   File "<frozen importlib._bootstrap>", line 1004, in _find_and_load_unlocked
2023-08-22T20:09:36,875 [INFO ] W-9000-mnist_1.0-stdout MODEL_LOG - ModuleNotFoundError: No module named 'ts.torch_handler.mnist_handler'
2023-08-22T20:10:43,337 [INFO ] W-9000-mnist_1.0-stdout MODEL_LOG - Listening on addr:port: 127.0.0.1:9000
2023-08-22T20:10:43,343 [INFO ] W-9000-mnist_1.0-stdout MODEL_LOG - Successfully loaded /Users/ziyuanc/anaconda3/lib/python3.10/site-packages/ts/configs/metrics.yaml.
2023-08-22T20:10:43,344 [INFO ] W-9000-mnist_1.0-stdout MODEL_LOG - [PID]89086
2023-08-22T20:10:43,344 [INFO ] W-9000-mnist_1.0-stdout MODEL_LOG - Torch worker started.
2023-08-22T20:10:43,344 [INFO ] W-9000-mnist_1.0-stdout MODEL_LOG - Python runtime: 3.10.9
2023-08-22T20:10:43,352 [INFO ] W-9000-mnist_1.0-stdout MODEL_LOG - Connection accepted: ('127.0.0.1', 9000).
2023-08-22T20:10:43,366 [INFO ] W-9000-mnist_1.0-stdout MODEL_LOG - model_name: mnist, batchSize: 1
2023-08-22T20:10:43,427 [WARN ] W-9000-mnist_1.0-stderr MODEL_LOG - /Users/ziyuanc/anaconda3/lib/python3.10/site-packages/torchvision/io/image.py:13: UserWarning: Failed to load image Python extension: dlopen(/Users/ziyuanc/anaconda3/lib/python3.10/site-packages/torchvision/image.so, 0x0006): Symbol not found: __ZN2at4_ops19empty_memory_format4callEN3c108ArrayRefIxEENS2_8optionalINS2_10ScalarTypeEEENS5_INS2_6LayoutEEENS5_INS2_6DeviceEEENS5_IbEENS5_INS2_12MemoryFormatEEE
2023-08-22T20:10:43,428 [WARN ] W-9000-mnist_1.0-stderr MODEL_LOG -   Referenced from: <DDABACEB-F2EA-368C-80DD-40745DFB96F8> /Users/ziyuanc/anaconda3/lib/python3.10/site-packages/torchvision/image.so
2023-08-22T20:10:43,428 [WARN ] W-9000-mnist_1.0-stderr MODEL_LOG -   Expected in:     <2729F3D6-2C8E-3DA6-9E14-4070A60558E5> /Users/ziyuanc/anaconda3/lib/python3.10/site-packages/torch/lib/libtorch_cpu.dylib
2023-08-22T20:10:43,428 [WARN ] W-9000-mnist_1.0-stderr MODEL_LOG -   warn(f"Failed to load image Python extension: {e}")
